<?xml version="1.0" encoding="UTF-8"?><testsuites failures="0" name="dependency-check" tests="18"><testsuite failures="0" errors="0" time="0" id="0" name="/home/runner/.m2/repository/org/checkerframework/checker-qual/3.42.0/checker-qual-3.42.0.jar" package="checker-qual-3.42.0.jar" skipped="0" tests="1" timestamp="2024-05-26T14:10:07.428683342"><testcase classname="dependency-check" name="checker-qual-3.42.0.jar"/></testsuite><testsuite failures="0" errors="0" time="0" id="1" name="/home/runner/.m2/repository/com/google/errorprone/error_prone_annotations/2.26.1/error_prone_annotations-2.26.1.jar" package="error_prone_annotations-2.26.1.jar" skipped="0" tests="1" timestamp="2024-05-26T14:10:07.428683342"><testcase classname="dependency-check" name="error_prone_annotations-2.26.1.jar"/></testsuite><testsuite failures="0" errors="0" time="0" id="2" name="/home/runner/.m2/repository/com/google/guava/failureaccess/1.0.2/failureaccess-1.0.2.jar" package="failureaccess-1.0.2.jar" skipped="0" tests="1" timestamp="2024-05-26T14:10:07.428683342"><testcase classname="dependency-check" name="failureaccess-1.0.2.jar"/></testsuite><testsuite failures="0" errors="0" time="0" id="3" name="/home/runner/.m2/repository/com/google/guava/guava/33.2.0-jre/guava-33.2.0-jre.jar" package="guava-33.2.0-jre.jar" skipped="0" tests="1" timestamp="2024-05-26T14:10:07.428683342"><testcase classname="dependency-check" name="guava-33.2.0-jre.jar"/></testsuite><testsuite failures="0" errors="0" time="0" id="4" name="/home/runner/.m2/repository/com/google/j2objc/j2objc-annotations/3.0.0/j2objc-annotations-3.0.0.jar" package="j2objc-annotations-3.0.0.jar" skipped="0" tests="1" timestamp="2024-05-26T14:10:07.428683342"><testcase classname="dependency-check" name="j2objc-annotations-3.0.0.jar"/></testsuite><testsuite failures="0" errors="0" time="0" id="5" name="/home/runner/.m2/repository/com/fasterxml/jackson/core/jackson-core/2.17.1/jackson-core-2.17.1.jar" package="jackson-core-2.17.1.jar" skipped="0" tests="1" timestamp="2024-05-26T14:10:07.428683342"><testcase classname="dependency-check" name="jackson-core-2.17.1.jar"/></testsuite><testsuite failures="0" errors="0" time="0" id="6" name="/home/runner/.m2/repository/com/fasterxml/jackson/core/jackson-databind/2.17.1/jackson-databind-2.17.1.jar" package="jackson-databind-2.17.1.jar" skipped="0" tests="1" timestamp="2024-05-26T14:10:07.428683342"><testcase classname="dependency-check" name="jackson-databind-2.17.1.jar"/></testsuite><testsuite failures="0" errors="0" time="0" id="7" name="/home/runner/.m2/repository/com/fasterxml/jackson/dataformat/jackson-dataformat-yaml/2.17.1/jackson-dataformat-yaml-2.17.1.jar" package="jackson-dataformat-yaml-2.17.1.jar" skipped="0" tests="1" timestamp="2024-05-26T14:10:07.428683342"><testcase classname="dependency-check" name="jackson-dataformat-yaml-2.17.1.jar"/></testsuite><testsuite failures="0" errors="0" time="0" id="8" name="/home/runner/.m2/repository/com/google/code/findbugs/jsr305/3.0.2/jsr305-3.0.2.jar" package="jsr305-3.0.2.jar" skipped="0" tests="1" timestamp="2024-05-26T14:10:07.428683342"><testcase classname="dependency-check" name="jsr305-3.0.2.jar"/></testsuite><testsuite failures="0" errors="0" time="0" id="9" name="/home/runner/.m2/repository/com/google/guava/listenablefuture/9999.0-empty-to-avoid-conflict-with-guava/listenablefuture-9999.0-empty-to-avoid-conflict-with-guava.jar" package="listenablefuture-9999.0-empty-to-avoid-conflict-with-guava.jar" skipped="0" tests="1" timestamp="2024-05-26T14:10:07.428683342"><testcase classname="dependency-check" name="listenablefuture-9999.0-empty-to-avoid-conflict-with-guava.jar"/></testsuite><testsuite failures="0" errors="0" time="0" id="10" name="/home/runner/.m2/repository/io/netty/netty-common/4.1.110.Final/netty-common-4.1.110.Final.jar/META-INF/maven/org.jctools/jctools-core/pom.xml" package="netty-common-4.1.110.Final.jar (shaded: org.jctools:jctools-core:3.1.0)" skipped="0" tests="1" timestamp="2024-05-26T14:10:07.428683342"><testcase classname="dependency-check" name="netty-common-4.1.110.Final.jar (shaded: org.jctools:jctools-core:3.1.0)"/></testsuite><testsuite failures="0" errors="0" time="0" id="11" name="/home/runner/.m2/repository/io/netty/netty-transport/4.1.110.Final/netty-transport-4.1.110.Final.jar" package="netty-transport-4.1.110.Final.jar" skipped="0" tests="1" timestamp="2024-05-26T14:10:07.428683342"><testcase classname="dependency-check" name="netty-transport-4.1.110.Final.jar"/></testsuite><testsuite failures="0" errors="0" time="0" id="12" name="/home/runner/.m2/repository/org/slf4j/slf4j-api/2.1.0-alpha1/slf4j-api-2.1.0-alpha1.jar" package="slf4j-api-2.1.0-alpha1.jar" skipped="0" tests="1" timestamp="2024-05-26T14:10:07.428683342"><testcase classname="dependency-check" name="slf4j-api-2.1.0-alpha1.jar"/></testsuite><testsuite failures="0" errors="0" time="0" id="13" name="/home/runner/.m2/repository/org/yaml/snakeyaml/2.2/snakeyaml-2.2.jar" package="snakeyaml-2.2.jar" skipped="0" tests="1" timestamp="2024-05-26T14:10:07.428683342"><testcase classname="dependency-check" name="snakeyaml-2.2.jar"/></testsuite><testsuite failures="0" errors="0" time="0" id="14" name="/home/runner/.m2/repository/io/vertx/vertx-auth-common/4.5.8/vertx-auth-common-4.5.8.jar" package="vertx-auth-common-4.5.8.jar" skipped="0" tests="1" timestamp="2024-05-26T14:10:07.428683342"><testcase classname="dependency-check" name="vertx-auth-common-4.5.8.jar"/></testsuite><testsuite failures="0" errors="0" time="0" id="15" name="/home/runner/.m2/repository/io/vertx/vertx-codegen/4.5.8/vertx-codegen-4.5.8.jar" package="vertx-codegen-4.5.8.jar" skipped="0" tests="1" timestamp="2024-05-26T14:10:07.428683342"><testcase classname="dependency-check" name="vertx-codegen-4.5.8.jar"/></testsuite><testsuite failures="0" errors="0" time="0" id="16" name="/home/runner/.m2/repository/io/vertx/vertx-core/4.5.8/vertx-core-4.5.8.jar" package="vertx-core-4.5.8.jar" skipped="0" tests="1" timestamp="2024-05-26T14:10:07.428683342"><testcase classname="dependency-check" name="vertx-core-4.5.8.jar"/></testsuite><testsuite failures="0" errors="0" time="0" id="17" name="/home/runner/.m2/repository/io/vertx/vertx-web/4.5.8/vertx-web-4.5.8.jar" package="vertx-web-4.5.8.jar" skipped="0" tests="1" timestamp="2024-05-26T14:10:07.428683342"><testcase classname="dependency-check" name="vertx-web-4.5.8.jar"/></testsuite></testsuites>