<?xml version="1.0" encoding="UTF-8"?><testsuites failures="0" name="dependency-check" tests="16"><testsuite failures="0" errors="0" time="0" id="0" name="/home/runner/.m2/repository/org/checkerframework/checker-qual/3.12.0/checker-qual-3.12.0.jar" package="checker-qual-3.12.0.jar" skipped="0" tests="1" timestamp="2023-01-31T08:15:28.196477068"><testcase classname="dependency-check" name="checker-qual-3.12.0.jar"/></testsuite><testsuite failures="0" errors="0" time="0" id="1" name="/home/runner/.m2/repository/com/google/errorprone/error_prone_annotations/2.11.0/error_prone_annotations-2.11.0.jar" package="error_prone_annotations-2.11.0.jar" skipped="0" tests="1" timestamp="2023-01-31T08:15:28.196477068"><testcase classname="dependency-check" name="error_prone_annotations-2.11.0.jar"/></testsuite><testsuite failures="0" errors="0" time="0" id="2" name="/home/runner/.m2/repository/com/google/guava/failureaccess/1.0.1/failureaccess-1.0.1.jar" package="failureaccess-1.0.1.jar" skipped="0" tests="1" timestamp="2023-01-31T08:15:28.196477068"><testcase classname="dependency-check" name="failureaccess-1.0.1.jar"/></testsuite><testsuite failures="0" errors="0" time="0" id="3" name="/home/runner/.m2/repository/com/google/guava/guava/31.1-jre/guava-31.1-jre.jar" package="guava-31.1-jre.jar" skipped="0" tests="1" timestamp="2023-01-31T08:15:28.196477068"><testcase classname="dependency-check" name="guava-31.1-jre.jar"/></testsuite><testsuite failures="0" errors="0" time="0" id="4" name="/home/runner/.m2/repository/com/google/j2objc/j2objc-annotations/1.3/j2objc-annotations-1.3.jar" package="j2objc-annotations-1.3.jar" skipped="0" tests="1" timestamp="2023-01-31T08:15:28.196477068"><testcase classname="dependency-check" name="j2objc-annotations-1.3.jar"/></testsuite><testsuite failures="0" errors="0" time="0" id="5" name="/home/runner/.m2/repository/com/fasterxml/jackson/core/jackson-core/2.14.2/jackson-core-2.14.2.jar" package="jackson-core-2.14.2.jar" skipped="0" tests="1" timestamp="2023-01-31T08:15:28.196477068"><testcase classname="dependency-check" name="jackson-core-2.14.2.jar"/></testsuite><testsuite failures="0" errors="0" time="0" id="6" name="/home/runner/.m2/repository/com/fasterxml/jackson/core/jackson-databind/2.14.2/jackson-databind-2.14.2.jar" package="jackson-databind-2.14.2.jar" skipped="0" tests="1" timestamp="2023-01-31T08:15:28.196477068"><testcase classname="dependency-check" name="jackson-databind-2.14.2.jar"/></testsuite><testsuite failures="0" errors="0" time="0" id="7" name="/home/runner/.m2/repository/com/fasterxml/jackson/dataformat/jackson-dataformat-yaml/2.14.2/jackson-dataformat-yaml-2.14.2.jar" package="jackson-dataformat-yaml-2.14.2.jar" skipped="0" tests="1" timestamp="2023-01-31T08:15:28.196477068"><testcase classname="dependency-check" name="jackson-dataformat-yaml-2.14.2.jar"/></testsuite><testsuite failures="0" errors="0" time="0" id="8" name="/home/runner/.m2/repository/com/google/code/findbugs/jsr305/3.0.2/jsr305-3.0.2.jar" package="jsr305-3.0.2.jar" skipped="0" tests="1" timestamp="2023-01-31T08:15:28.196477068"><testcase classname="dependency-check" name="jsr305-3.0.2.jar"/></testsuite><testsuite failures="0" errors="0" time="0" id="9" name="/home/runner/.m2/repository/com/google/guava/listenablefuture/9999.0-empty-to-avoid-conflict-with-guava/listenablefuture-9999.0-empty-to-avoid-conflict-with-guava.jar" package="listenablefuture-9999.0-empty-to-avoid-conflict-with-guava.jar" skipped="0" tests="1" timestamp="2023-01-31T08:15:28.196477068"><testcase classname="dependency-check" name="listenablefuture-9999.0-empty-to-avoid-conflict-with-guava.jar"/></testsuite><testsuite failures="0" errors="0" time="0" id="10" name="/home/runner/.m2/repository/io/netty/netty-common/4.1.86.Final/netty-common-4.1.86.Final.jar/META-INF/maven/org.jctools/jctools-core/pom.xml" package="netty-common-4.1.86.Final.jar (shaded: org.jctools:jctools-core:3.1.0)" skipped="0" tests="1" timestamp="2023-01-31T08:15:28.196477068"><testcase classname="dependency-check" name="netty-common-4.1.86.Final.jar (shaded: org.jctools:jctools-core:3.1.0)"/></testsuite><testsuite failures="0" errors="0" time="0" id="11" name="/home/runner/.m2/repository/io/netty/netty-transport/4.1.86.Final/netty-transport-4.1.86.Final.jar" package="netty-transport-4.1.86.Final.jar" skipped="0" tests="1" timestamp="2023-01-31T08:15:28.196477068"><testcase classname="dependency-check" name="netty-transport-4.1.86.Final.jar"/></testsuite><testsuite failures="0" errors="0" time="0" id="12" name="/home/runner/.m2/repository/org/slf4j/slf4j-api/2.0.6/slf4j-api-2.0.6.jar" package="slf4j-api-2.0.6.jar" skipped="0" tests="1" timestamp="2023-01-31T08:15:28.196477068"><testcase classname="dependency-check" name="slf4j-api-2.0.6.jar"/></testsuite><testsuite failures="0" errors="0" time="0" id="13" name="/home/runner/.m2/repository/org/yaml/snakeyaml/1.33/snakeyaml-1.33.jar" package="snakeyaml-1.33.jar" skipped="1" tests="1" timestamp="2023-01-31T08:15:28.196477068"><testcase classname="CVE-2022-1471" name="pkg:maven/org.yaml/snakeyaml@1.33"><skipped message="CVE relates to constructor which is not used by Jackson" /><system-out>SnakeYaml&apos;s Constructor() class does not restrict types which can be instantiated during deserialization. Deserializing yaml content provided by an attacker can lead to remote code execution. We recommend using SnakeYaml&apos;s SafeConsturctor when parsing untrusted content to restrict deserialization.</system-out><system-err>location: /home/runner/.m2/repository/org/yaml/snakeyaml/1.33/snakeyaml-1.33.jar</system-err></testcase></testsuite><testsuite failures="0" errors="0" time="0" id="14" name="/home/runner/.m2/repository/io/vertx/vertx-core/4.3.7/vertx-core-4.3.7.jar" package="vertx-core-4.3.7.jar" skipped="0" tests="1" timestamp="2023-01-31T08:15:28.196477068"><testcase classname="dependency-check" name="vertx-core-4.3.7.jar"/></testsuite><testsuite failures="0" errors="0" time="0" id="15" name="/home/runner/.m2/repository/io/vertx/vertx-web-client/4.3.7/vertx-web-client-4.3.7.jar" package="vertx-web-client-4.3.7.jar" skipped="0" tests="1" timestamp="2023-01-31T08:15:28.196477068"><testcase classname="dependency-check" name="vertx-web-client-4.3.7.jar"/></testsuite></testsuites>