<?xml version="1.0" encoding="UTF-8"?>
<testsuites failures="0" name="dependency-check" tests="27">
        <testsuite failures="0" errors="0" time="0" id="0" name="/home/runner/.m2/repository/com/google/errorprone/error_prone_annotations/2.47.0/error_prone_annotations-2.47.0.jar" package="error_prone_annotations-2.47.0.jar" skipped="0" tests="1" timestamp="2026-07-26T14:53:27.001819763">
            <testcase classname="dependency-check" name="error_prone_annotations-2.47.0.jar"/>
    </testsuite>
        <testsuite failures="0" errors="0" time="0" id="1" name="/home/runner/.m2/repository/com/google/guava/failureaccess/1.0.3/failureaccess-1.0.3.jar" package="failureaccess-1.0.3.jar" skipped="0" tests="1" timestamp="2026-07-26T14:53:27.001819763">
            <testcase classname="dependency-check" name="failureaccess-1.0.3.jar"/>
    </testsuite>
        <testsuite failures="0" errors="0" time="0" id="2" name="/home/runner/.m2/repository/com/google/guava/guava/33.6.0-jre/guava-33.6.0-jre.jar" package="guava-33.6.0-jre.jar" skipped="0" tests="1" timestamp="2026-07-26T14:53:27.001819763">
            <testcase classname="dependency-check" name="guava-33.6.0-jre.jar"/>
    </testsuite>
        <testsuite failures="0" errors="0" time="0" id="3" name="/home/runner/.m2/repository/com/google/j2objc/j2objc-annotations/3.1/j2objc-annotations-3.1.jar" package="j2objc-annotations-3.1.jar" skipped="0" tests="1" timestamp="2026-07-26T14:53:27.001819763">
            <testcase classname="dependency-check" name="j2objc-annotations-3.1.jar"/>
    </testsuite>
        <testsuite failures="0" errors="0" time="0" id="4" name="/home/runner/.m2/repository/com/fasterxml/jackson/core/jackson-annotations/2.22/jackson-annotations-2.22.jar" package="jackson-annotations-2.22.jar" skipped="0" tests="1" timestamp="2026-07-26T14:53:27.001819763">
            <testcase classname="dependency-check" name="jackson-annotations-2.22.jar"/>
    </testsuite>
        <testsuite failures="0" errors="0" time="0" id="5" name="/home/runner/.m2/repository/com/fasterxml/jackson/core/jackson-core/2.22.1/jackson-core-2.22.1.jar" package="jackson-core-2.22.1.jar" skipped="0" tests="1" timestamp="2026-07-26T14:53:27.001819763">
            <testcase classname="dependency-check" name="jackson-core-2.22.1.jar"/>
    </testsuite>
        <testsuite failures="0" errors="0" time="0" id="6" name="/home/runner/.m2/repository/tools/jackson/core/jackson-core/3.1.5/jackson-core-3.1.5.jar" package="jackson-core-3.1.5.jar" skipped="0" tests="1" timestamp="2026-07-26T14:53:27.001819763">
            <testcase classname="dependency-check" name="jackson-core-3.1.5.jar"/>
    </testsuite>
        <testsuite failures="0" errors="0" time="0" id="7" name="/home/runner/.m2/repository/com/fasterxml/jackson/core/jackson-databind/2.22.1/jackson-databind-2.22.1.jar" package="jackson-databind-2.22.1.jar" skipped="0" tests="1" timestamp="2026-07-26T14:53:27.001819763">
            <testcase classname="dependency-check" name="jackson-databind-2.22.1.jar"/>
    </testsuite>
        <testsuite failures="0" errors="0" time="0" id="8" name="/home/runner/.m2/repository/tools/jackson/core/jackson-databind/3.1.5/jackson-databind-3.1.5.jar" package="jackson-databind-3.1.5.jar" skipped="0" tests="1" timestamp="2026-07-26T14:53:27.001819763">
            <testcase classname="dependency-check" name="jackson-databind-3.1.5.jar"/>
    </testsuite>
        <testsuite failures="0" errors="0" time="0" id="9" name="/home/runner/.m2/repository/com/fasterxml/jackson/dataformat/jackson-dataformat-yaml/2.22.1/jackson-dataformat-yaml-2.22.1.jar" package="jackson-dataformat-yaml-2.22.1.jar" skipped="0" tests="1" timestamp="2026-07-26T14:53:27.001819763">
            <testcase classname="dependency-check" name="jackson-dataformat-yaml-2.22.1.jar"/>
    </testsuite>
        <testsuite failures="0" errors="0" time="0" id="10" name="/home/runner/.m2/repository/com/fasterxml/jackson/datatype/jackson-datatype-jsr310/2.22.1/jackson-datatype-jsr310-2.22.1.jar" package="jackson-datatype-jsr310-2.22.1.jar" skipped="0" tests="1" timestamp="2026-07-26T14:53:27.001819763">
            <testcase classname="dependency-check" name="jackson-datatype-jsr310-2.22.1.jar"/>
    </testsuite>
        <testsuite failures="0" errors="0" time="0" id="11" name="/home/runner/.m2/repository/org/jspecify/jspecify/1.0.0/jspecify-1.0.0.jar" package="jspecify-1.0.0.jar" skipped="0" tests="1" timestamp="2026-07-26T14:53:27.001819763">
            <testcase classname="dependency-check" name="jspecify-1.0.0.jar"/>
    </testsuite>
        <testsuite failures="0" errors="0" time="0" id="12" name="/home/runner/.m2/repository/com/google/guava/listenablefuture/9999.0-empty-to-avoid-conflict-with-guava/listenablefuture-9999.0-empty-to-avoid-conflict-with-guava.jar" package="listenablefuture-9999.0-empty-to-avoid-conflict-with-guava.jar" skipped="0" tests="1" timestamp="2026-07-26T14:53:27.001819763">
            <testcase classname="dependency-check" name="listenablefuture-9999.0-empty-to-avoid-conflict-with-guava.jar"/>
    </testsuite>
        <testsuite failures="0" errors="0" time="0" id="13" name="/home/runner/.m2/repository/io/netty/netty-common/4.2.16.Final/netty-common-4.2.16.Final.jar/META-INF/maven/org.jctools/jctools-core/pom.xml" package="netty-common-4.2.16.Final.jar (shaded: org.jctools:jctools-core:4.0.6)" skipped="0" tests="1" timestamp="2026-07-26T14:53:27.001819763">
            <testcase classname="dependency-check" name="netty-common-4.2.16.Final.jar (shaded: org.jctools:jctools-core:4.0.6)"/>
    </testsuite>
        <testsuite failures="0" errors="0" time="0" id="14" name="/home/runner/.m2/repository/io/netty/netty-tcnative-classes/2.0.78.Final/netty-tcnative-classes-2.0.78.Final.jar" package="netty-tcnative-classes-2.0.78.Final.jar" skipped="0" tests="1" timestamp="2026-07-26T14:53:27.001819763">
            <testcase classname="dependency-check" name="netty-tcnative-classes-2.0.78.Final.jar"/>
    </testsuite>
        <testsuite failures="0" errors="0" time="0" id="15" name="/home/runner/.m2/repository/io/netty/netty-transport/4.2.16.Final/netty-transport-4.2.16.Final.jar" package="netty-transport-4.2.16.Final.jar" skipped="0" tests="1" timestamp="2026-07-26T14:53:27.001819763">
            <testcase classname="dependency-check" name="netty-transport-4.2.16.Final.jar"/>
    </testsuite>
        <testsuite failures="0" errors="0" time="0" id="16" name="/home/runner/.m2/repository/org/slf4j/slf4j-api/2.1.0-alpha1/slf4j-api-2.1.0-alpha1.jar" package="slf4j-api-2.1.0-alpha1.jar" skipped="0" tests="1" timestamp="2026-07-26T14:53:27.001819763">
            <testcase classname="dependency-check" name="slf4j-api-2.1.0-alpha1.jar"/>
    </testsuite>
        <testsuite failures="0" errors="0" time="0" id="17" name="/home/runner/.m2/repository/org/yaml/snakeyaml/2.5/snakeyaml-2.5.jar" package="snakeyaml-2.5.jar" skipped="0" tests="1" timestamp="2026-07-26T14:53:27.001819763">
            <testcase classname="dependency-check" name="snakeyaml-2.5.jar"/>
    </testsuite>
        <testsuite failures="0" errors="0" time="0" id="18" name="/home/runner/.m2/repository/io/vertx/vertx-auth-common/5.1.5/vertx-auth-common-5.1.5.jar" package="vertx-auth-common-5.1.5.jar" skipped="0" tests="1" timestamp="2026-07-26T14:53:27.001819763">
            <testcase classname="dependency-check" name="vertx-auth-common-5.1.5.jar"/>
    </testsuite>
        <testsuite failures="0" errors="0" time="0" id="19" name="/home/runner/.m2/repository/io/vertx/vertx-codegen/5.1.5/vertx-codegen-5.1.5.jar" package="vertx-codegen-5.1.5.jar" skipped="0" tests="1" timestamp="2026-07-26T14:53:27.001819763">
            <testcase classname="dependency-check" name="vertx-codegen-5.1.5.jar"/>
    </testsuite>
        <testsuite failures="0" errors="0" time="0" id="20" name="/home/runner/.m2/repository/io/vertx/vertx-codegen-api/5.1.5/vertx-codegen-api-5.1.5.jar" package="vertx-codegen-api-5.1.5.jar" skipped="0" tests="1" timestamp="2026-07-26T14:53:27.001819763">
            <testcase classname="dependency-check" name="vertx-codegen-api-5.1.5.jar"/>
    </testsuite>
        <testsuite failures="0" errors="0" time="0" id="21" name="/home/runner/.m2/repository/io/vertx/vertx-codegen-json/5.1.5/vertx-codegen-json-5.1.5.jar" package="vertx-codegen-json-5.1.5.jar" skipped="0" tests="1" timestamp="2026-07-26T14:53:27.001819763">
            <testcase classname="dependency-check" name="vertx-codegen-json-5.1.5.jar"/>
    </testsuite>
        <testsuite failures="0" errors="0" time="0" id="22" name="/home/runner/.m2/repository/io/vertx/vertx-codegen-processor/5.1.5/vertx-codegen-processor-5.1.5.jar" package="vertx-codegen-processor-5.1.5.jar" skipped="0" tests="1" timestamp="2026-07-26T14:53:27.001819763">
            <testcase classname="dependency-check" name="vertx-codegen-processor-5.1.5.jar"/>
    </testsuite>
        <testsuite failures="0" errors="0" time="0" id="23" name="/home/runner/.m2/repository/io/vertx/vertx-core/5.1.5/vertx-core-5.1.5.jar" package="vertx-core-5.1.5.jar" skipped="0" tests="1" timestamp="2026-07-26T14:53:27.001819763">
            <testcase classname="dependency-check" name="vertx-core-5.1.5.jar"/>
    </testsuite>
        <testsuite failures="0" errors="0" time="0" id="24" name="/home/runner/.m2/repository/io/vertx/vertx-web/5.1.5/vertx-web-5.1.5.jar" package="vertx-web-5.1.5.jar" skipped="0" tests="1" timestamp="2026-07-26T14:53:27.001819763">
            <testcase classname="dependency-check" name="vertx-web-5.1.5.jar"/>
    </testsuite>
        <testsuite failures="0" errors="0" time="0" id="25" name="/home/runner/.m2/repository/io/vertx/vertx-web-client/5.1.5/vertx-web-client-5.1.5.jar" package="vertx-web-client-5.1.5.jar" skipped="0" tests="1" timestamp="2026-07-26T14:53:27.001819763">
            <testcase classname="dependency-check" name="vertx-web-client-5.1.5.jar"/>
    </testsuite>
        <testsuite failures="0" errors="0" time="0" id="26" name="/home/runner/.m2/repository/io/vertx/vertx-web-common/5.1.5/vertx-web-common-5.1.5.jar" package="vertx-web-common-5.1.5.jar" skipped="0" tests="1" timestamp="2026-07-26T14:53:27.001819763">
            <testcase classname="dependency-check" name="vertx-web-common-5.1.5.jar"/>
    </testsuite>
</testsuites>