GROUP,PACKAGE,CLASS,INSTRUCTION_MISSED,INSTRUCTION_COVERED,BRANCH_MISSED,BRANCH_COVERED,LINE_MISSED,LINE_COVERED,COMPLEXITY_MISSED,COMPLEXITY_COVERED,METHOD_MISSED,METHOD_COVERED
JWT Validator - Vertx,uk.co.spudsoft.jwtvalidatorvertx,IssuerAcceptabilityHandler,0,7,0,0,0,1,0,1,0,1
JWT Validator - Vertx,uk.co.spudsoft.jwtvalidatorvertx,JsonWebKeySetAwsElbHandler,0,7,0,0,0,1,0,1,0,1
JWT Validator - Vertx,uk.co.spudsoft.jwtvalidatorvertx,JsonWebKeySetKnownJwksHandler,0,7,0,0,0,1,0,1,0,1
JWT Validator - Vertx,uk.co.spudsoft.jwtvalidatorvertx,JwkBuilder,5,49,1,3,1,9,1,4,0,3
JWT Validator - Vertx,uk.co.spudsoft.jwtvalidatorvertx,JwtValidator,9,26,0,0,2,6,1,3,1,3
JWT Validator - Vertx,uk.co.spudsoft.jwtvalidatorvertx,AlgorithmAndKeyPair,0,20,0,0,0,9,0,4,0,4
JWT Validator - Vertx,uk.co.spudsoft.jwtvalidatorvertx,DiscoveryData,15,76,0,0,3,17,3,15,3,15
JWT Validator - Vertx,uk.co.spudsoft.jwtvalidatorvertx,JsonWebKeySetOpenIdDiscoveryHandler,0,7,0,0,0,1,0,1,0,1
JWT Validator - Vertx,uk.co.spudsoft.jwtvalidatorvertx,Jwt,4,441,1,71,1,102,1,63,0,28
JWT Validator - Vertx,uk.co.spudsoft.jwtvalidatorvertx,JsonWebAlgorithm,3,264,0,0,1,30,1,7,1,7
JWT Validator - Vertx,uk.co.spudsoft.jwtvalidatorvertx.impl,AsyncLoadingCache.TimedObject,0,24,0,2,0,7,0,5,0,4
JWT Validator - Vertx,uk.co.spudsoft.jwtvalidatorvertx.impl,RSAJwkBuilder,0,76,0,2,0,20,0,5,0,4
JWT Validator - Vertx,uk.co.spudsoft.jwtvalidatorvertx.impl,AsyncLoadingCache,24,183,2,12,6,44,3,14,1,9
JWT Validator - Vertx,uk.co.spudsoft.jwtvalidatorvertx.impl,AbstractTokenBuilder,24,315,4,30,5,83,3,31,0,17
JWT Validator - Vertx,uk.co.spudsoft.jwtvalidatorvertx.impl,ECJwkBuilder,9,152,1,7,2,37,1,10,0,6
JWT Validator - Vertx,uk.co.spudsoft.jwtvalidatorvertx.impl,EdECJwkBuilder,0,80,0,2,0,21,0,5,0,4
JWT Validator - Vertx,uk.co.spudsoft.jwtvalidatorvertx.impl,JWKSOpenIdDiscoveryHandlerImpl,60,287,4,18,9,63,4,20,0,13
JWT Validator - Vertx,uk.co.spudsoft.jwtvalidatorvertx.impl,JWKSStaticSetHandlerImpl,74,257,4,16,11,66,4,17,0,11
JWT Validator - Vertx,uk.co.spudsoft.jwtvalidatorvertx.impl,AsyncLoadingCache.Data,0,36,0,2,0,11,0,3,0,2
JWT Validator - Vertx,uk.co.spudsoft.jwtvalidatorvertx.impl,JWKSAwsElbHandlerImpl,34,228,2,16,6,52,3,16,1,9
JWT Validator - Vertx,uk.co.spudsoft.jwtvalidatorvertx.impl,IssuerAcceptabilityHandlerImpl,16,251,10,32,5,70,9,19,0,7
JWT Validator - Vertx,uk.co.spudsoft.jwtvalidatorvertx.impl,JwtValidatorVertxImpl,44,570,11,49,10,117,11,37,0,18
JWT Validator - Vertx,uk.co.spudsoft.jwtvalidatorvertx.impl,OpenIdHelper,0,190,2,16,0,34,2,13,0,6
JWT Validator - Vertx,uk.co.spudsoft.jwtvalidatorvertx.vertx,VertxJwksHandler,43,361,5,23,10,90,5,25,0,16
JWT Validator - Vertx,uk.co.spudsoft.jwtvalidatorvertx.jdk,JdkTokenBuilder,9,111,2,6,3,25,2,8,0,6
JWT Validator - Vertx,uk.co.spudsoft.jwtvalidatorvertx.jdk,JdkJwksHandler,6,210,0,3,2,57,0,14,0,12
